<?xml version="1.0" encoding="UTF-8"?>
<testsuites name="jest tests" tests="1" failures="0" time="0.79">
  <testsuite name="undefined" errors="0" failures="0" skipped="0" timestamp="2020-02-21T04:18:32" time="0.336" tests="1">
    <testcase classname=" 正常数据" name=" 正常数据" time="0.003">
    </testcase>
  </testsuite>
</testsuites>